2024-12-05 11:24:03,178 - Database setup complete: users.db
2024-12-05 11:24:03,186 - Database setup complete: products.db
2024-12-05 11:24:03,193 - Database setup complete: orders.db
2024-12-05 11:24:03,203 - Inserted User: (1, 'Alice', 'alice@example.com')
2024-12-05 11:24:03,204 - Inserted Product: (1, 'Laptop', 1000.0)
2024-12-05 11:24:03,204 - Inserted Order: (1, 1, 1, 2)
2024-12-05 11:24:03,311 - Inserted User: (2, 'Bob', 'bob@example.com')
2024-12-05 11:24:03,312 - Inserted Product: (2, 'Smartphone', 700.0)
2024-12-05 11:24:03,312 - Inserted Order: (2, 2, 2, 1)
2024-12-05 11:24:03,422 - Inserted Product: (3, 'Headphones', 150.0)
2024-12-05 11:24:03,423 - Inserted User: (3, 'Charlie', 'charlie@example.com')
2024-12-05 11:24:03,425 - Inserted Order: (3, 3, 3, 5)
2024-12-05 11:24:03,528 - Inserted Product: (4, 'Monitor', 300.0)
2024-12-05 11:24:03,530 - Inserted User: (4, 'David', 'david@example.com')
2024-12-05 11:24:03,532 - Inserted Order: (4, 4, 4, 1)
2024-12-05 11:24:03,648 - Inserted Product: (5, 'Keyboard', 50.0)
2024-12-05 11:24:03,652 - Inserted User: (5, 'Eve', 'eve@example.com')
2024-12-05 11:24:03,655 - Inserted Order: (5, 5, 5, 3)
2024-12-05 11:24:03,762 - Inserted Product: (6, 'Mouse', 30.0)
2024-12-05 11:24:03,766 - Inserted User: (6, 'Frank', 'frank@example.com')
2024-12-05 11:24:03,772 - Inserted Order: (6, 6, 6, 4)
2024-12-05 11:24:03,880 - Inserted Product: (7, 'Smartwatch', 250.0)
2024-12-05 11:24:03,880 - Inserted User: (7, 'Grace', 'grace@example.com')
2024-12-05 11:24:03,889 - Inserted Order: (7, 7, 7, 2)
2024-12-05 11:24:04,008 - Inserted User: (8, 'Henry', 'henry@example.com')
2024-12-05 11:24:04,011 - Inserted Product: (8, 'Gaming Chair', 500.0)
2024-12-05 11:24:04,021 - Inserted Order: (8, 8, 8, 1)
2024-12-05 11:24:04,120 - Inserted User: (9, 'Ivy', 'ivy@example.com')
2024-12-05 11:24:04,121 - Inserted Product: (9, 'Tablet', 600.0)
2024-12-05 11:24:04,130 - Inserted Order: (9, 9, 9, 3)
2024-12-05 11:24:04,236 - Inserted User: (10, 'Jack', 'jack@example.com')
2024-12-05 11:24:04,246 - Inserted Product: (10, 'Earbuds', 80.0)
2024-12-05 11:24:04,253 - Inserted Order: (10, 10, 10, 2)
